Base path: C:/Program Files/Unity/Editor/Data
Cmd: initializeCompiler
Cmd: preprocess
  insize=3079 outsize=301 ok=1
Cmd: preprocess
  insize=2963 outsize=388 ok=1
Cmd: preprocess
  insize=2264 outsize=275 ok=1
Cmd: compileComputeKernel
  api=4 insize=1386 outsize=1561 ok=1
Cmd: preprocess
  insize=3618 outsize=353 ok=1
Cmd: preprocess
  insize=5962 outsize=1867 ok=1
Cmd: preprocess
  insize=2188 outsize=281 ok=1
Cmd: preprocess
  insize=31431 outsize=1550 ok=1
Cmd: preprocess
  insize=2911 outsize=1445 ok=1
Cmd: preprocess
  insize=7066 outsize=798 ok=1
Cmd: preprocess
  insize=1018 outsize=364 ok=1
Cmd: preprocess
  insize=6577 outsize=552 ok=1
Cmd: preprocess
  insize=1868 outsize=283 ok=1
Cmd: preprocess
  insize=10717 outsize=696 ok=1
Cmd: preprocess
  insize=4145 outsize=528 ok=1
Cmd: compileComputeKernel
  api=4 insize=1484 outsize=1533 ok=1
Cmd: preprocess
  insize=2342 outsize=1110 ok=1
Cmd: preprocess
  insize=1652 outsize=346 ok=1
Cmd: preprocess
  insize=3299 outsize=229 ok=1
Cmd: compileComputeKernel
  api=4 insize=2285 outsize=1341 ok=1
Cmd: preprocess
  insize=3092 outsize=1462 ok=1
Cmd: preprocess
  insize=1893 outsize=902 ok=1
